<?xml version="1.0" encoding="UTF-8"?>
<!-- Generated by org.testng.reporters.JUnitReportReporter -->
<testsuite skipped="0" hostname="DESKTOP-603Q29B" name="com.pratice.test.FileUploadTest" tests="1" failures="0" timestamp="24 Mar 2019 20:07:32 GMT" time="15.845" errors="0">
  <testcase name="fileUpload" time="15.845" classname="com.pratice.test.FileUploadTest"/>
</testsuite> <!-- com.pratice.test.FileUploadTest -->
