<?xml version="1.0" encoding="UTF-8"?>
<!-- Generated by org.testng.reporters.JUnitReportReporter -->
<testsuite skipped="0" hostname="DESKTOP-603Q29B" name="com.pratice.test.LoginTest" tests="1" failures="0" timestamp="24 Mar 2019 16:44:53 GMT" time="19.593" errors="0">
  <testcase name="validLogin" time="19.593" classname="com.pratice.test.LoginTest"/>
</testsuite> <!-- com.pratice.test.LoginTest -->
