<?xml version="1.0" encoding="UTF-8"?>
<!-- Generated by org.testng.reporters.JUnitReportReporter -->
<testsuite skipped="0" hostname="DESKTOP-603Q29B" name="com.practice.test.IFrameTest" tests="1" failures="0" timestamp="25 Mar 2019 17:58:29 GMT" time="18.284" errors="0">
  <testcase name="fileUpload" time="18.284" classname="com.practice.test.IFrameTest"/>
</testsuite> <!-- com.practice.test.IFrameTest -->
