<?xml version="1.0" encoding="UTF-8"?>
<!-- Generated by org.testng.reporters.JUnitReportReporter -->
<testsuite skipped="0" hostname="DESKTOP-603Q29B" name="com.practice.test.JavaScriptAlertsTest" tests="2" failures="0" timestamp="25 Mar 2019 17:58:29 GMT" time="24.274" errors="0">
  <testcase name="alertConfirm" time="11.840" classname="com.practice.test.JavaScriptAlertsTest"/>
  <testcase name="alertTextVerification" time="12.434" classname="com.practice.test.JavaScriptAlertsTest"/>
</testsuite> <!-- com.practice.test.JavaScriptAlertsTest -->
