<?xml version="1.0" encoding="UTF-8"?>
<!-- Generated by org.testng.reporters.JUnitReportReporter -->
<testsuite skipped="0" hostname="DESKTOP-603Q29B" name="com.pratice.test.IFrameTest" tests="1" failures="0" timestamp="24 Mar 2019 20:52:39 GMT" time="18.440" errors="0">
  <testcase name="fileUpload" time="18.440" classname="com.pratice.test.IFrameTest"/>
</testsuite> <!-- com.pratice.test.IFrameTest -->
