<?xml version="1.0" encoding="UTF-8"?>
<!-- Generated by org.testng.reporters.JUnitReportReporter -->
<testsuite skipped="0" hostname="DESKTOP-603Q29B" name="com.practice.base.TestBase" tests="1" failures="0" timestamp="23 Mar 2019 05:00:36 GMT" time="42.569" errors="0">
  <testcase name="initialization" time="42.569" classname="com.practice.base.TestBase"/>
</testsuite> <!-- com.practice.base.TestBase -->
