<?xml version="1.0" encoding="UTF-8"?>
<!-- Generated by org.testng.reporters.JUnitReportReporter -->
<testsuite skipped="0" hostname="DESKTOP-603Q29B" name="com.pratice.test.JavaScriptAlertsTest" tests="2" failures="0" timestamp="24 Mar 2019 17:48:45 GMT" time="29.220" errors="0">
  <testcase name="alertTextVerification" time="17.947" classname="com.pratice.test.JavaScriptAlertsTest"/>
  <testcase name="alertConfirm" time="11.273" classname="com.pratice.test.JavaScriptAlertsTest"/>
</testsuite> <!-- com.pratice.test.JavaScriptAlertsTest -->
