<?xml version="1.0" encoding="UTF-8"?>
<!-- Generated by org.testng.reporters.JUnitReportReporter -->
<testsuite skipped="0" hostname="DESKTOP-603Q29B" name="com.practice.test.LoginTest" tests="2" failures="0" timestamp="25 Mar 2019 17:58:29 GMT" time="38.606" errors="0">
  <testcase name="testInvalidLogin" time="18.969" classname="com.practice.test.LoginTest"/>
  <testcase name="validLogin" time="19.637" classname="com.practice.test.LoginTest"/>
</testsuite> <!-- com.practice.test.LoginTest -->
